<?xml version="1.0" encoding="UTF-8" ?>
<testsuite errors="0" failures="0" hostname="Joshua" name="org.netbeans.modules.compapp.catd.ConfiguredTest" skipped="0" tests="1" time="0.632" timestamp="2015-11-01T21:06:05">
  <properties>
    <property name="libs.jsp-compiler.javadoc" value="" />
    <property name="netbeans.autoupdate.country" value="DK" />
    <property name="com.sun.jbi.sa.internal.routing" value="true" />
    <property name="libs.Encoder-HL7.javadoc" value="" />
    <property name="libs.jsf20.maven-pom" value="" />
    <property name="source.root" value="src" />
    <property name="libs.junit.javadoc" value="C:\Tools\OpenESB-SE-3.0.5\OE-Studio\netbeans\java\docs\junit-3.8.2-api.zip" />
    <property name="libs.spring-webmvc4.0.src" value="" />
    <property name="ant.core.lib" value="C:\Tools\OpenESB-SE-3.0.5\OE-Studio\netbeans\extide\ant\lib\ant.jar" />
    <property name="libs.jsp-compilation.javadoc" value="" />
    <property name="user.dir" value="C:\Users\Martin\Documents\DTU\WebServices\Exercises\HelloWorldAPP" />
    <property name="libs.javaee-api-7.0.src" value="" />
    <property name="java.vm.version" value="25.60-b23" />
    <property name="libs.MySQLDriver.classpath" value="C:\Tools\OpenESB-SE-3.0.5\OE-Studio\netbeans\ide\modules\ext\mysql-connector-java-5.1.23-bin.jar" />
    <property name="jbi.content.additional" value="../HelloWorldBPEL/build/SEDeployment.jar" />
    <property name="libs.eclipselinkmodelgen.src" value="" />
    <property name="netbeans.autoupdate.version" value="1.23" />
    <property name="libs.EclipseLink-GlassFish-v3.classpath" value="C:\Tools\glassfish4\glassfish\modules\org.eclipse.persistence.antlr.jar;C:\Tools\glassfish4\glassfish\modules\org.eclipse.persistence.asm.jar;C:\Tools\glassfish4\glassfish\modules\org.eclipse.persistence.core.jar;C:\Tools\glassfish4\glassfish\modules\org.eclipse.persistence.dbws.jar;C:\Tools\glassfish4\glassfish\modules\org.eclipse.persistence.jpa.jar;C:\Tools\glassfish4\glassfish\modules\org.eclipse.persistence.jpa.jpql.jar;C:\Tools\glassfish4\glassfish\modules\org.eclipse.persistence.jpa.modelgen.processor.jar;C:\Tools\glassfish4\glassfish\modules\org.eclipse.persistence.moxy.jar;C:\Tools\glassfish4\glassfish\modules\org.eclipse.persistence.oracle.jar;C:\Tools\glassfish4\glassfish\modules\javax.persistence.jar" />
    <property name="libs.javaee-web-api-6.0.classpath" value="C:\Tools\OpenESB-SE-3.0.5\OE-Studio\netbeans\enterprise\modules\ext\javaee-web-api-6.0.jar" />
    <property name="libs.Java-EE-GlassFish-v3-Prelude.javadoc" value="C:\Tools\OpenESB-SE-3.0.5\OE-Studio\netbeans\enterprise\docs\javaee-doc-api.jar" />
    <property name="jdk.home" value="C:\Program Files (x86)\Java\jdk1.8.0_60" />
    <property name="libs.javac-api.src" value="" />
    <property name="xml.module.install.dir" value="C:\Tools\OpenESB-SE-3.0.5\OE-Studio\netbeans\soa\modules" />
    <property name="libs.jpa2-persistence.classpath" value="C:\Tools\OpenESB-SE-3.0.5\OE-Studio\netbeans\java\modules\ext\hibernate4\hibernate-jpa-2.1-api-1.0.0.Final.jar" />
    <property name="sun.os.patch.level" value="" />
    <property name="libs.Java-EE-GlassFish-v3-Prelude.src" value="" />
    <property name="java.vm.specification.name" value="Java Virtual Machine Specification" />
    <property name="libs.Encoder-Custom.javadoc" value="" />
    <property name="nb.show.statistics.ui" value="usageStatisticsEnabled" />
    <property name="netbeans.autoupdate.variant" value="" />
    <property name="have.tests" value="true" />
    <property name="org.xml.sax.driver" value="com.sun.org.apache.xerces.internal.jaxp.SAXParserImpl$JAXPSAXParser" />
    <property name="j2ee.server.instance" value="openesb-standalone-deployer:home=C:\Tools\OpenESB-SE-3.0.5\OE-Instance&amp;" />
    <property name="libs.javac-api.javadoc" value="" />
    <property name="os.name" value="Windows 8.1" />
    <property name="esb.netbeans.platform" value="C:\Tools\OpenESB-SE-3.0.5\OE-Studio\netbeans\platform" />
    <property name="libs.beans-binding.classpath" value="C:\Tools\OpenESB-SE-3.0.5\OE-Studio\netbeans\java\modules\ext\beansbinding-1.2.1.jar" />
    <property name="libs.javaee-endorsed-api-7.0.maven-pom" value="" />
    <property name="libs.restapi.javadoc" value="" />
    <property name="libs.JWSAntTasks.maven-pom" value="" />
    <property name="libs.jstl.classpath" value="C:\Tools\OpenESB-SE-3.0.5\OE-Studio\netbeans\enterprise\modules\ext\jstl-impl.jar;C:\Tools\OpenESB-SE-3.0.5\OE-Studio\netbeans\enterprise\modules\ext\jstl-api.jar" />
    <property name="libs.testng.src" value="" />
    <property name="libs.spring-webmvc3.0.src" value="" />
    <property name="libs.restapi.classpath" value="C:\Tools\OpenESB-SE-3.0.5\OE-Studio\netbeans\enterprise\modules\ext\jaxrs-2.0\javax.ws.rs-api-2.0.jar" />
    <property name="java.vendor.url.bug" value="http://bugreport.sun.com/bugreport/" />
    <property name="netbeans.user.dir" value="C:\Tools\OpenESB-SE-3.0.5\OE-Studio\netbeans\bin" />
    <property name="libs.jaxb.maven-pom" value="" />
    <property name="os.arch" value="x86" />
    <property name="libs.Encoder-Custom.classpath" value="C:\Tools\OpenESB-SE-3.0.5\OE-Studio\netbeans\soa\modules\ext\custom.jar;C:\Tools\OpenESB-SE-3.0.5\OE-Studio\netbeans\soa\modules\ext\customencoder-xsdextension.jar" />
    <property name="libs.eclipselink.src" value="" />
    <property name="user.name" value="Martin" />
    <property name="libs.jsf12.javadoc" value="C:\Tools\OpenESB-SE-3.0.5\OE-Studio\netbeans\enterprise\docs\javaee-doc-api.jar" />
    <property name="libs.Comet-GlassFish-v3.javadoc" value="" />
    <property name="libs.spring-webmvc3.0.maven-pom" value="" />
    <property name="libs.swing-layout.maven-pom" value="" />
    <property name="sun.java.command" value="org.apache.tools.ant.taskdefs.optional.junit.JUnitTestRunner org.netbeans.modules.compapp.catd.ConfiguredTest skipNonTests=false filtertrace=true haltOnError=false haltOnFailure=false showoutput=true outputtoformatters=true logfailedtests=true threadid=0 logtestlistenerevents=true formatter=org.apache.tools.ant.taskdefs.optional.junit.BriefJUnitResultFormatter formatter=org.apache.tools.ant.taskdefs.optional.junit.XMLJUnitResultFormatter,C:\Users\Martin\Documents\DTU\WebServices\Exercises\HelloWorldAPP\test\results\TEST-org.netbeans.modules.compapp.catd.ConfiguredTest.xml crashfile=C:\Users\Martin\AppData\Local\Temp\junitvmwatcher6081647382573498785.properties propsfile=C:\Users\Martin\AppData\Local\Temp\junit2284128919051416343.properties" />
    <property name="build.classes.dir" value="build/jar" />
    <property name="enterprise.module.install.dir" value="C:\Tools\OpenESB-SE-3.0.5\OE-Studio\netbeans\enterprise\modules" />
    <property name="libs.javaee-endorsed-api-7.0.javadoc" value="C:\Tools\OpenESB-SE-3.0.5\OE-Studio\netbeans\enterprise\docs\javaee-doc-api.jar" />
    <property name="libs.jaxws21.javadoc" value="C:\Tools\OpenESB-SE-3.0.5\OE-Studio\netbeans\java\docs\jaxws-api-doc.zip" />
    <property name="libs.spring-webmvc4.0.javadoc" value="" />
    <property name="user.country" value="DK" />
    <property name="libs.jsp-compilation-syscp.src" value="" />
    <property name="libs.JAVADB_DRIVER_LABEL.src" value="" />
    <property name="libs.spring-framework400.classpath" value="C:\Tools\OpenESB-SE-3.0.5\OE-Studio\netbeans\ide\modules\org-apache-commons-logging.jar;C:\Tools\OpenESB-SE-3.0.5\OE-Studio\netbeans\java\modules\ext\cglib-2.2.jar;C:\Tools\OpenESB-SE-3.0.5\OE-Studio\netbeans\java\modules\ext\spring-4\spring-aop-4.0.1.RELEASE.jar;C:\Tools\OpenESB-SE-3.0.5\OE-Studio\netbeans\java\modules\ext\spring-4\spring-aspects-4.0.1.RELEASE.jar;C:\Tools\OpenESB-SE-3.0.5\OE-Studio\netbeans\java\modules\ext\spring-4\spring-beans-4.0.1.RELEASE.jar;C:\Tools\OpenESB-SE-3.0.5\OE-Studio\netbeans\java\modules\ext\spring-4\spring-build-src-4.0.1.RELEASE.jar;C:\Tools\OpenESB-SE-3.0.5\OE-Studio\netbeans\java\modules\ext\spring-4\spring-context-4.0.1.RELEASE.jar;C:\Tools\OpenESB-SE-3.0.5\OE-Studio\netbeans\java\modules\ext\spring-4\spring-context-support-4.0.1.RELEASE.jar;C:\Tools\OpenESB-SE-3.0.5\OE-Studio\netbeans\java\modules\ext\spring-4\spring-core-4.0.1.RELEASE.jar;C:\Tools\OpenESB-SE-3.0.5\OE-Studio\netbeans\java\modules\ext\spring-4\spring-expression-4.0.1.RELEASE.jar;C:\Tools\OpenESB-SE-3.0.5\OE-Studio\netbeans\java\modules\ext\spring-4\spring-framework-bom-4.0.1.RELEASE.jar;C:\Tools\OpenESB-SE-3.0.5\OE-Studio\netbeans\java\modules\ext\spring-4\spring-instrument-4.0.1.RELEASE.jar;C:\Tools\OpenESB-SE-3.0.5\OE-Studio\netbeans\java\modules\ext\spring-4\spring-instrument-tomcat-4.0.1.RELEASE.jar;C:\Tools\OpenESB-SE-3.0.5\OE-Studio\netbeans\java\modules\ext\spring-4\spring-jdbc-4.0.1.RELEASE.jar;C:\Tools\OpenESB-SE-3.0.5\OE-Studio\netbeans\java\modules\ext\spring-4\spring-jms-4.0.1.RELEASE.jar;C:\Tools\OpenESB-SE-3.0.5\OE-Studio\netbeans\java\modules\ext\spring-4\spring-messaging-4.0.1.RELEASE.jar;C:\Tools\OpenESB-SE-3.0.5\OE-Studio\netbeans\java\modules\ext\spring-4\spring-orm-4.0.1.RELEASE.jar;C:\Tools\OpenESB-SE-3.0.5\OE-Studio\netbeans\java\modules\ext\spring-4\spring-oxm-4.0.1.RELEASE.jar;C:\Tools\OpenESB-SE-3.0.5\OE-Studio\netbeans\java\modules\ext\spring-4\spring-test-4.0.1.RELEASE.jar;C:\Tools\OpenESB-SE-3.0.5\OE-Studio\netbeans\java\modules\ext\spring-4\spring-tx-4.0.1.RELEASE.jar;C:\Tools\OpenESB-SE-3.0.5\OE-Studio\netbeans\java\modules\ext\spring-4\spring-web-4.0.1.RELEASE.jar;C:\Tools\OpenESB-SE-3.0.5\OE-Studio\netbeans\java\modules\ext\spring-4\spring-webmvc-4.0.1.RELEASE.jar;C:\Tools\OpenESB-SE-3.0.5\OE-Studio\netbeans\java\modules\ext\spring-4\spring-webmvc-portlet-4.0.1.RELEASE.jar;C:\Tools\OpenESB-SE-3.0.5\OE-Studio\netbeans\java\modules\ext\spring-4\spring-websocket-4.0.1.RELEASE.jar" />
    <property name="meta.inf" value="src/conf" />
    <property name="ServerPassword" value="admin" />
    <property name="netbeans.home" value="C:\Tools\OpenESB-SE-3.0.5\OE-Studio\netbeans\platform" />
    <property name="build.compiler.emacs" value="true" />
    <property name="libs.javaee-web-api-6.0.src" value="" />
    <property name="libs.jsp-compilation-syscp.classpath" value="C:\Tools\OpenESB-SE-3.0.5\OE-Studio\netbeans\extide\ant\lib\ant.jar;C:\Tools\OpenESB-SE-3.0.5\OE-Studio\netbeans\enterprise\modules\ext\servlet3.1-jsp2.3-api.jar;C:\Tools\OpenESB-SE-3.0.5\OE-Studio\netbeans\enterprise\modules\ext\glassfish-jspparser-4.0.jar;C:\Tools\OpenESB-SE-3.0.5\OE-Studio\netbeans\enterprise\modules\ext\jstl-impl.jar;C:\Tools\OpenESB-SE-3.0.5\OE-Studio\netbeans\enterprise\modules\ext\jsf-2_2\javax.faces.jar" />
    <property name="java.endorsed.dirs" value="C:\Program Files (x86)\Java\jdk1.8.0_60\jre\lib\endorsed" />
    <property name="libs.Comet-GlassFish-v3.maven-pom" value="" />
    <property name="netbeans.dynamic.classpath" value="C:\Tools\OpenESB-SE-3.0.5\OE-Studio\netbeans\platform\core\core.jar;C:\Tools\OpenESB-SE-3.0.5\OE-Studio\netbeans\platform\core\org-openide-filesystems.jar;C:\Tools\OpenESB-SE-3.0.5\OE-Studio\netbeans\platform\core\locale\core_ja.jar;C:\Tools\OpenESB-SE-3.0.5\OE-Studio\netbeans\platform\core\locale\core_pt_BR.jar;C:\Tools\OpenESB-SE-3.0.5\OE-Studio\netbeans\platform\core\locale\core_ru.jar;C:\Tools\OpenESB-SE-3.0.5\OE-Studio\netbeans\platform\core\locale\core_zh_CN.jar;C:\Tools\OpenESB-SE-3.0.5\OE-Studio\netbeans\platform\core\locale\org-openide-filesystems_ja.jar;C:\Tools\OpenESB-SE-3.0.5\OE-Studio\netbeans\platform\core\locale\org-openide-filesystems_pt_BR.jar;C:\Tools\OpenESB-SE-3.0.5\OE-Studio\netbeans\platform\core\locale\org-openide-filesystems_ru.jar;C:\Tools\OpenESB-SE-3.0.5\OE-Studio\netbeans\platform\core\locale\org-openide-filesystems_zh_CN.jar;C:\Tools\OpenESB-SE-3.0.5\OE-Studio\netbeans\soa\core\locale\core_soa.jar;C:\Tools\OpenESB-SE-3.0.5\OE-Studio\netbeans\nb\core\org-netbeans-upgrader.jar;C:\Tools\OpenESB-SE-3.0.5\OE-Studio\netbeans\nb\core\locale\core_nb.jar;C:\Tools\OpenESB-SE-3.0.5\OE-Studio\netbeans\nb\core\locale\core_nb_ja.jar;C:\Tools\OpenESB-SE-3.0.5\OE-Studio\netbeans\nb\core\locale\core_nb_pt_BR.jar;C:\Tools\OpenESB-SE-3.0.5\OE-Studio\netbeans\nb\core\locale\core_nb_ru.jar;C:\Tools\OpenESB-SE-3.0.5\OE-Studio\netbeans\nb\core\locale\core_nb_zh_CN.jar;C:\Tools\OpenESB-SE-3.0.5\OE-Studio\netbeans\nb\core\locale\org-netbeans-upgrader_ja.jar;C:\Tools\OpenESB-SE-3.0.5\OE-Studio\netbeans\nb\core\locale\org-netbeans-upgrader_pt_BR.jar;C:\Tools\OpenESB-SE-3.0.5\OE-Studio\netbeans\nb\core\locale\org-netbeans-upgrader_ru.jar;C:\Tools\OpenESB-SE-3.0.5\OE-Studio\netbeans\nb\core\locale\org-netbeans-upgrader_zh_CN.jar" />
    <property name="project.HelloWorldBPEL" value="../HelloWorldBPEL" />
    <property name="java.vm.specification.version" value="1.8" />
    <property name="libs.hibernate4-support.src" value="" />
    <property name="libs.primefaces.classpath" value="C:\Tools\OpenESB-SE-3.0.5\OE-Studio\netbeans\enterprise\modules\ext\primefaces\primefaces-5.0.jar" />
    <property name="libs.javaee-api-6.0.classpath" value="C:\Tools\OpenESB-SE-3.0.5\OE-Studio\netbeans\enterprise\modules\ext\javaee-api-6.0.jar" />
    <property name="netbeans.productversion" value="OpenESB Studio 3.1.0-SNAPSHOT (based on Netbeans 8.0.2)" />
    <property name="java.awt.headless" value="${java.awt.headless}" />
    <property name="libs.jaxws21.src" value="" />
    <property name="netbeans.autoupdate.language" value="da" />
    <property name="libs.Encoder-Framework.javadoc" value="" />
    <property name="java.vendor" value="Oracle Corporation" />
    <property name="libs.javaee-api-6.0.javadoc" value="C:\Tools\OpenESB-SE-3.0.5\OE-Studio\netbeans\enterprise\docs\javaee-doc-api.jar" />
    <property name="file.separator" value="\" />
    <property name="libs.Java-EE-GlassFish-v3-Prelude.maven-pom" value="" />
    <property name="libs.junit_4.maven-pom" value="" />
    <property name="netbeans.buildnumber" value="201411181905" />
    <property name="libs.JWSAntTasks.javadoc" value="" />
    <property name="user.variant" value="" />
    <property name="libs.eclipselinkmodelgen.classpath" value="C:\Tools\OpenESB-SE-3.0.5\OE-Studio\netbeans\java\modules\ext\eclipselink\org.eclipse.persistence.jpa.modelgen_2.5.2.v20140319-9ad6abd.jar" />
    <property name="libs.javaee-endorsed-api-7.0.src" value="" />
    <property name="sun.java.launcher" value="SUN_STANDARD" />
    <property name="libs.junit.classpath" value="C:\Tools\OpenESB-SE-3.0.5\OE-Studio\netbeans\java\modules\ext\junit-3.8.2.jar" />
    <property name="libs.hibernate4-persistencemodelgen.javadoc" value="" />
    <property name="libs.jaxb.javadoc" value="C:\Tools\OpenESB-SE-3.0.5\OE-Studio\netbeans\ide\docs\jaxb-api-doc.zip" />
    <property name="reference.HelloWorldBPEL.dist_se" value="../HelloWorldBPEL/build/SEDeployment.jar" />
    <property name="libs.struts.classpath" value="C:\Tools\OpenESB-SE-3.0.5\OE-Studio\netbeans\enterprise\modules\ext\struts\antlr-2.7.2.jar;C:\Tools\OpenESB-SE-3.0.5\OE-Studio\netbeans\enterprise\modules\ext\struts\bsf-2.3.0.jar;C:\Tools\OpenESB-SE-3.0.5\OE-Studio\netbeans\enterprise\modules\ext\struts\commons-beanutils-1.8.0.jar;C:\Tools\OpenESB-SE-3.0.5\OE-Studio\netbeans\enterprise\modules\ext\struts\commons-chain-1.2.jar;C:\Tools\OpenESB-SE-3.0.5\OE-Studio\netbeans\enterprise\modules\ext\struts\commons-digester-1.8.jar;C:\Tools\OpenESB-SE-3.0.5\OE-Studio\netbeans\enterprise\modules\ext\struts\commons-fileupload-1.1.1.jar;C:\Tools\OpenESB-SE-3.0.5\OE-Studio\netbeans\enterprise\modules\ext\struts\commons-io-1.1.jar;C:\Tools\OpenESB-SE-3.0.5\OE-Studio\netbeans\enterprise\modules\ext\struts\commons-logging-1.0.4.jar;C:\Tools\OpenESB-SE-3.0.5\OE-Studio\netbeans\enterprise\modules\ext\struts\commons-validator-1.3.1.jar;C:\Tools\OpenESB-SE-3.0.5\OE-Studio\netbeans\enterprise\modules\ext\struts\jstl-1.0.2.jar;C:\Tools\OpenESB-SE-3.0.5\OE-Studio\netbeans\enterprise\modules\ext\struts\oro-2.0.8.jar;C:\Tools\OpenESB-SE-3.0.5\OE-Studio\netbeans\enterprise\modules\ext\struts\standard-1.0.6.jar;C:\Tools\OpenESB-SE-3.0.5\OE-Studio\netbeans\enterprise\modules\ext\struts\struts-core-1.3.10.jar;C:\Tools\OpenESB-SE-3.0.5\OE-Studio\netbeans\enterprise\modules\ext\struts\struts-el-1.3.10.jar;C:\Tools\OpenESB-SE-3.0.5\OE-Studio\netbeans\enterprise\modules\ext\struts\struts-extras-1.3.10.jar;C:\Tools\OpenESB-SE-3.0.5\OE-Studio\netbeans\enterprise\modules\ext\struts\struts-faces-1.3.10.jar;C:\Tools\OpenESB-SE-3.0.5\OE-Studio\netbeans\enterprise\modules\ext\struts\struts-mailreader-dao-1.3.10.jar;C:\Tools\OpenESB-SE-3.0.5\OE-Studio\netbeans\enterprise\modules\ext\struts\struts-scripting-1.3.10.jar;C:\Tools\OpenESB-SE-3.0.5\OE-Studio\netbeans\enterprise\modules\ext\struts\struts-taglib-1.3.10.jar;C:\Tools\OpenESB-SE-3.0.5\OE-Studio\netbeans\enterprise\modules\ext\struts\struts-tiles-1.3.10.jar" />
    <property name="ant.home" value="C:\Tools\OpenESB-SE-3.0.5\OE-Studio\netbeans\extide\ant" />
    <property name="libs.junit_4.src" value="C:\Tools\OpenESB-SE-3.0.5\OE-Studio\netbeans\java\docs\junit-4.10-sources.jar" />
    <property name="libs.testng.classpath" value="C:\Tools\OpenESB-SE-3.0.5\OE-Studio\netbeans\platform\modules\ext\testng-6.8.1-dist.jar" />
    <property name="libs.absolutelayout.maven-pom" value="" />
    <property name="ant.java.version" value="1.8" />
    <property name="java.library.path" value="C:\Program Files (x86)\Java\jdk1.8.0_60\jre\bin;C:\WINDOWS\Sun\Java\bin;C:\WINDOWS\system32;C:\WINDOWS;C:\gurobi605\win64\bin;C:\Python27\;C:\Python27\Scripts;C:\Program Files (x86)\Java\jdk1.8.0_60\bin;C:\ProgramData\Oracle\Java\javapath;C:\Program Files (x86)\Lenovo\FusionEngine;C:\Program Files (x86)\NVIDIA Corporation\PhysX\Common;C:\Program Files (x86)\Intel\iCLS Client\;C:\Program Files\Intel\iCLS Client\;C:\WINDOWS\system32;C:\WINDOWS;C:\WINDOWS\System32\Wbem;C:\WINDOWS\System32\WindowsPowerShell\v1.0\;C:\Program Files\Intel\Intel(R) Management Engine Components\DAL;C:\Program Files\Intel\Intel(R) Management Engine Components\IPT;C:\Program Files (x86)\Intel\Intel(R) Management Engine Components\DAL;C:\Program Files (x86)\Intel\Intel(R) Management Engine Components\IPT;C:\Program Files (x86)\Lenovo\Motion Control\;C:\Program Files (x86)\Common Files\lenovo\easyplussdk\bin;C:\Program Files (x86)\Windows Live\Shared;C:\Program Files (x86)\Windows Kits\8.1\Windows Performance Toolkit\;C:\Program Files\Microsoft SQL Server\110\Tools\Binn\;C:\Program Files (x86)\Microsoft SDKs\TypeScript\1.0\;C:\Program Files\Microsoft SQL Server\120\Tools\Binn\;C:\Program Files\Microsoft\Web Platform Installer\;C:\Program Files (x86)\MiKTeX\miktex\bin\;C:\Program Files (x86)\Git\cmd;C:\Program Files (x86)\Git\bin;C:\Program Files\Intel\WiFi\bin\;C:\Program Files\Common Files\Intel\WirelessCommon\;C:\Program Files (x86)\QuickTime\QTSystem\;C:\Program Files (x86)\Skype\Phone\;." />
    <property name="libs.metro.maven-pom" value="" />
    <property name="libs.Encoder-HL7.classpath" value="C:\Tools\OpenESB-SE-3.0.5\OE-Studio\netbeans\soa\modules\ext\hl7.jar;C:\Tools\OpenESB-SE-3.0.5\OE-Studio\netbeans\soa\modules\ext\hl7encoder-xsdextension.jar" />
    <property name="libs.EclipseLink-GlassFish-v3.src" value="" />
    <property name="java.util.logging.config.class" value="org.netbeans.core.startup.TopLogging" />
    <property name="libs.spring-framework400.src" value="" />
    <property name="libs.PostgreSQLDriver.src" value="" />
    <property name="sun.arch.data.model" value="32" />
    <property name="basedir" value="C:\Users\Martin\Documents\DTU\WebServices\Exercises\HelloWorldAPP" />
    <property name="libs.jpa20-persistence.maven-pom" value="" />
    <property name="libs.javaee-web-api-7.0.classpath" value="C:\Tools\OpenESB-SE-3.0.5\OE-Studio\netbeans\enterprise\modules\ext\javaee-web-api-7.0.jar" />
    <property name="ant.file.HelloWorldAPP-jbi-impl" value="C:\Users\Martin\Documents\DTU\WebServices\Exercises\HelloWorldAPP\nbproject\build-impl.xml" />
    <property name="path.separator" value=";" />
    <property name="libs.javaee-web-api-6.0.javadoc" value="C:\Tools\OpenESB-SE-3.0.5\OE-Studio\netbeans\enterprise\docs\javaee-doc-api.jar" />
    <property name="ant.junit.enabletestlistenerevents" value="true" />
    <property name="sun.io.unicode.encoding" value="UnicodeLittle" />
    <property name="libs.jaxws21.classpath" value="C:\Tools\OpenESB-SE-3.0.5\OE-Studio\netbeans\ide\modules\ext\jaxb\jaxb-impl.jar;C:\Tools\OpenESB-SE-3.0.5\OE-Studio\netbeans\ide\modules\ext\jaxb\jaxb-xjc.jar;C:\Tools\OpenESB-SE-3.0.5\OE-Studio\netbeans\java\modules\ext\jaxws22\FastInfoset.jar;C:\Tools\OpenESB-SE-3.0.5\OE-Studio\netbeans\java\modules\ext\jaxws22\gmbal-api-only.jar;C:\Tools\OpenESB-SE-3.0.5\OE-Studio\netbeans\java\modules\ext\jaxws22\ha-api.jar;C:\Tools\OpenESB-SE-3.0.5\OE-Studio\netbeans\java\modules\ext\jaxws22\javax.mail_1.4.jar;C:\Tools\OpenESB-SE-3.0.5\OE-Studio\netbeans\java\modules\ext\jaxws22\jaxws-rt.jar;C:\Tools\OpenESB-SE-3.0.5\OE-Studio\netbeans\java\modules\ext\jaxws22\jaxws-tools.jar;C:\Tools\OpenESB-SE-3.0.5\OE-Studio\netbeans\java\modules\ext\jaxws22\management-api.jar;C:\Tools\OpenESB-SE-3.0.5\OE-Studio\netbeans\java\modules\ext\jaxws22\mimepull.jar;C:\Tools\OpenESB-SE-3.0.5\OE-Studio\netbeans\java\modules\ext\jaxws22\policy.jar;C:\Tools\OpenESB-SE-3.0.5\OE-Studio\netbeans\java\modules\ext\jaxws22\saaj-impl.jar;C:\Tools\OpenESB-SE-3.0.5\OE-Studio\netbeans\java\modules\ext\jaxws22\stax-ex.jar;C:\Tools\OpenESB-SE-3.0.5\OE-Studio\netbeans\java\modules\ext\jaxws22\stax2-api.jar;C:\Tools\OpenESB-SE-3.0.5\OE-Studio\netbeans\java\modules\ext\jaxws22\streambuffer.jar;C:\Tools\OpenESB-SE-3.0.5\OE-Studio\netbeans\java\modules\ext\jaxws22\woodstox-core-asl.jar;C:\Tools\OpenESB-SE-3.0.5\OE-Studio\netbeans\java\modules\ext\jaxws22\api\jaxws-api.jar;C:\Tools\OpenESB-SE-3.0.5\OE-Studio\netbeans\java\modules\ext\jaxws22\api\jsr181-api.jar;C:\Tools\OpenESB-SE-3.0.5\OE-Studio\netbeans\java\modules\ext\jaxws22\api\javax.annotation.jar;C:\Tools\OpenESB-SE-3.0.5\OE-Studio\netbeans\java\modules\ext\jaxws22\api\saaj-api.jar;C:\Tools\OpenESB-SE-3.0.5\OE-Studio\netbeans\ide\modules\ext\jaxb\activation.jar;C:\Tools\OpenESB-SE-3.0.5\OE-Studio\netbeans\ide\modules\ext\jaxb\api\jaxb-api.jar;C:\Tools\OpenESB-SE-3.0.5\OE-Studio\netbeans\ide\modules\ext\jaxb\api\jsr173_1.0_api.jar" />
    <property name="libs.struts.src" value="" />
    <property name="user.language" value="da" />
    <property name="libs.Encoder-Framework.src" value="" />
    <property name="libs.JAXB-ENDORSED.maven-pom" value="" />
    <property name="ant.file." value="C:\Users\Martin\Documents\DTU\WebServices\Exercises\HelloWorldAPP\build.xml" />
    <property name="libs.eclipselink.maven-pom" value="" />
    <property name="libs.primefaces.javadoc" value="" />
    <property name="libs.spring-framework300.maven-pom" value="" />
    <property name="ant.project.invoked-targets" value="test-single" />
    <property name="libs.Encoder-Framework.classpath" value="C:\Tools\OpenESB-SE-3.0.5\OE-Studio\netbeans\soa\modules\ext\encoderframework.jar;C:\Tools\OpenESB-SE-3.0.5\OE-Studio\netbeans\soa\modules\ext\encoderfrmwk-xsdextension.jar;C:\Tools\OpenESB-SE-3.0.5\OE-Studio\netbeans\soa\modules\ext\xbean.jar" />
    <property name="libs.swing-layout.javadoc" value="C:\Tools\OpenESB-SE-3.0.5\OE-Studio\netbeans\platform\docs\swing-layout-1.0.4-doc.zip" />
    <property name="sun.java2d.d3d" value="false" />
    <property name="libs.hibernate4-persistence.maven-pom" value="" />
    <property name="https.nonProxyHosts" value="localhost|127.0.0.1|Joshua" />
    <property name="libs.PostgreSQLDriver.maven-pom" value="" />
    <property name="java.class.version" value="52.0" />
    <property name="libs.JAVADB_DRIVER_LABEL.classpath" value="C:\Program Files\Java\jdk1.8.0_31\db\lib\derby.jar;C:\Program Files\Java\jdk1.8.0_31\db\lib\derbyclient.jar;C:\Program Files\Java\jdk1.8.0_31\db\lib\derbynet.jar" />
    <property name="libs.hibernate4-persistencemodelgen.maven-pom" value="" />
    <property name="libs.javaee-endorsed-api-6.0.src" value="" />
    <property name="libs.eclipselink.javadoc" value="C:\Tools\OpenESB-SE-3.0.5\OE-Studio\netbeans\java\modules\ext\docs\javax.persistence-2.1.0-doc.zip" />
    <property name="libs.jsp-compilation.maven-pom" value="" />
    <property name="user.properties.file" value="C:\Users\Martin\AppData\Roaming\.openesb_studio\3.1.0-SNAPSHOT\build.properties" />
    <property name="resource.HelloWorldBPEL" value="../HelloWorldBPEL/setup" />
    <property name="libs.javac-api.maven-pom" value="" />
    <property name="file.encoding.pkg" value="sun.io" />
    <property name="sun.cpu.endian" value="little" />
    <property name="libs.JAXB-ENDORSED.javadoc" value="" />
    <property name="libs.JWSAntTasks.classpath" value="C:\Tools\OpenESB-SE-3.0.5\OE-Studio\netbeans\java\ant\extra\org-netbeans-modules-javawebstart-anttasks.jar" />
    <property name="libs.spring-webmvc4.0.maven-pom" value="" />
    <property name="libs.spring-framework300.src" value="" />
    <property name="libs.PojoSELib.src" value="C:\Tools\OpenESB-SE-3.0.5\OE-Studio\netbeans\soa\modules\ext\sun-pojo-engine-api-src.jar" />
    <property name="libs.jstl.src" value="" />
    <property name="libs.hibernate4-persistencemodelgen.src" value="" />
    <property name="libs.jpa20-persistence.javadoc" value="C:\Tools\OpenESB-SE-3.0.5\OE-Studio\netbeans\java\modules\ext\docs\javax.persistence-2.1.0-doc.zip" />
    <property name="java.home" value="C:\Program Files (x86)\Java\jdk1.8.0_60\jre" />
    <property name="libs.jsp-compilation.src" value="" />
    <property name="libs.javaee-endorsed-api-6.0.classpath" value="C:\Tools\OpenESB-SE-3.0.5\OE-Studio\netbeans\enterprise\modules\ext\javaee6-endorsed\javax.annotation.jar;C:\Tools\OpenESB-SE-3.0.5\OE-Studio\netbeans\enterprise\modules\ext\javaee6-endorsed\jaxb-api-osgi.jar;C:\Tools\OpenESB-SE-3.0.5\OE-Studio\netbeans\enterprise\modules\ext\javaee6-endorsed\webservices-api-osgi.jar" />
    <property name="libs.javaee-api-6.0.src" value="" />
    <property name="ant.project.default-target" value="default" />
    <property name="libs.PostgreSQLDriver.javadoc" value="" />
    <property name="libs.restlib.classpath" value="C:\Tools\OpenESB-SE-3.0.5\OE-Studio\netbeans\enterprise\modules\ext\jersey2\ext\asm-all-repackaged-2.2.0-b21.jar;C:\Tools\OpenESB-SE-3.0.5\OE-Studio\netbeans\enterprise\modules\ext\jersey2\ext\cglib-2.2.0-b21.jar;C:\Tools\OpenESB-SE-3.0.5\OE-Studio\netbeans\enterprise\modules\ext\jersey2\ext\guava-14.0.1.jar;C:\Tools\OpenESB-SE-3.0.5\OE-Studio\netbeans\enterprise\modules\ext\jersey2\ext\hk2-api-2.2.0-b21.jar;C:\Tools\OpenESB-SE-3.0.5\OE-Studio\netbeans\enterprise\modules\ext\jersey2\ext\hk2-locator-2.2.0-b21.jar;C:\Tools\OpenESB-SE-3.0.5\OE-Studio\netbeans\enterprise\modules\ext\jersey2\ext\hk2-utils-2.2.0-b21.jar;C:\Tools\OpenESB-SE-3.0.5\OE-Studio\netbeans\enterprise\modules\ext\jersey2\ext\javax.annotation-api-1.2.jar;C:\Tools\OpenESB-SE-3.0.5\OE-Studio\netbeans\enterprise\modules\ext\jersey2\ext\javax.inject-2.2.0-b21.jar;C:\Tools\OpenESB-SE-3.0.5\OE-Studio\netbeans\enterprise\modules\ext\jersey2\ext\javax.servlet-api-3.0.1.jar;C:\Tools\OpenESB-SE-3.0.5\OE-Studio\netbeans\enterprise\modules\ext\jersey2\ext\jaxb-api-2.2.7.jar;C:\Tools\OpenESB-SE-3.0.5\OE-Studio\netbeans\enterprise\modules\ext\jersey2\ext\jersey-entity-filtering-2.5.1.jar;C:\Tools\OpenESB-SE-3.0.5\OE-Studio\netbeans\enterprise\modules\ext\jersey2\ext\jersey-media-moxy-2.5.1.jar;C:\Tools\OpenESB-SE-3.0.5\OE-Studio\netbeans\enterprise\modules\ext\jersey2\ext\org.osgi.core-4.2.0.jar;C:\Tools\OpenESB-SE-3.0.5\OE-Studio\netbeans\enterprise\modules\ext\jersey2\ext\osgi-resource-locator-1.0.1.jar;C:\Tools\OpenESB-SE-3.0.5\OE-Studio\netbeans\enterprise\modules\ext\jersey2\ext\persistence-api-1.0.jar;C:\Tools\OpenESB-SE-3.0.5\OE-Studio\netbeans\enterprise\modules\ext\jersey2\ext\validation-api-1.1.0.Final.jar;C:\Tools\OpenESB-SE-3.0.5\OE-Studio\netbeans\enterprise\modules\ext\jersey2\jersey-client.jar;C:\Tools\OpenESB-SE-3.0.5\OE-Studio\netbeans\enterprise\modules\ext\jersey2\jersey-common.jar;C:\Tools\OpenESB-SE-3.0.5\OE-Studio\netbeans\enterprise\modules\ext\jersey2\jersey-container-servlet.jar;C:\Tools\OpenESB-SE-3.0.5\OE-Studio\netbeans\enterprise\modules\ext\jersey2\jersey-container-servlet-core.jar;C:\Tools\OpenESB-SE-3.0.5\OE-Studio\netbeans\enterprise\modules\ext\jersey2\jersey-server.jar;C:\Tools\OpenESB-SE-3.0.5\OE-Studio\netbeans\java\modules\ext\eclipselink\eclipselink.jar" />
    <property name="jbi.service-unit.description" value="Represents this Service Unit" />
    <property name="libs.MySQLDriver.maven-pom" value="" />
    <property name="libs.hibernate4-persistence.javadoc" value="C:\Tools\OpenESB-SE-3.0.5\OE-Studio\netbeans\java\modules\ext\docs\javax.persistence-2.1.0-doc.zip" />
    <property name="http.nonProxyHosts" value="localhost|127.0.0.1|Joshua" />
    <property name="libs.junit_4.javadoc" value="C:\Tools\OpenESB-SE-3.0.5\OE-Studio\netbeans\java\docs\junit-4.10-javadoc.jar" />
    <property name="test.results.dir" value="C:\Users\Martin\Documents\DTU\WebServices\Exercises\HelloWorldAPP/test/results" />
    <property name="libs.EclipseLink-GlassFish-v3.maven-pom" value="" />
    <property name="libs.javaee-web-api-6.0.maven-pom" value="" />
    <property name="jna.boot.library.name" value="jnidispatch-410" />
    <property name="libs.javaee-endorsed-api-6.0.javadoc" value="C:\Tools\OpenESB-SE-3.0.5\OE-Studio\netbeans\enterprise\docs\javaee-doc-api.jar" />
    <property name="libs.javaee-api-7.0.classpath" value="C:\Tools\OpenESB-SE-3.0.5\OE-Studio\netbeans\enterprise\modules\ext\javaee-api-7.0.jar" />
    <property name="sun.awt.datatransfer.timeout" value="1000" />
    <property name="libs.PojoSELib.classpath" value="C:\Tools\OpenESB-SE-3.0.5\OE-Studio\netbeans\soa\modules\ext\sun-pojo-engine-api.jar;C:\Tools\OpenESB-SE-3.0.5\OE-Studio\netbeans\soa\modules\ext\jbi.jar" />
    <property name="ant.file.type." value="file" />
    <property name="libs.spring-webmvc3.0.javadoc" value="" />
    <property name="libs.jpa2-persistence.maven-pom" value="" />
    <property name="libs.hibernate4-support.classpath" value="C:\Tools\OpenESB-SE-3.0.5\OE-Studio\netbeans\java\modules\ext\hibernate4\antlr-2.7.7.jar;C:\Tools\OpenESB-SE-3.0.5\OE-Studio\netbeans\java\modules\ext\hibernate4\c3p0-0.9.2.1.jar;C:\Tools\OpenESB-SE-3.0.5\OE-Studio\netbeans\java\modules\ext\hibernate4\hibernate-c3p0-4.3.1.Final.jar;C:\Tools\OpenESB-SE-3.0.5\OE-Studio\netbeans\java\modules\ext\hibernate4\mchange-commons-java-0.2.3.4.jar;C:\Tools\OpenESB-SE-3.0.5\OE-Studio\netbeans\java\modules\ext\hibernate4\dom4j-1.6.1.jar;C:\Tools\OpenESB-SE-3.0.5\OE-Studio\netbeans\java\modules\ext\hibernate4\ehcache-core-2.4.3.jar;C:\Tools\OpenESB-SE-3.0.5\OE-Studio\netbeans\java\modules\ext\hibernate4\hibernate-ehcache-4.3.1.Final.jar;C:\Tools\OpenESB-SE-3.0.5\OE-Studio\netbeans\java\modules\ext\hibernate4\hibernate-core-4.3.1.Final.jar;C:\Tools\OpenESB-SE-3.0.5\OE-Studio\netbeans\java\modules\ext\hibernate4\jboss-logging-3.1.3.GA.jar;C:\Tools\OpenESB-SE-3.0.5\OE-Studio\netbeans\java\modules\ext\hibernate4\hibernate-commons-annotations-4.0.4.Final.jar;C:\Tools\OpenESB-SE-3.0.5\OE-Studio\netbeans\java\modules\ext\hibernate4\hibernate-entitymanager-4.3.1.Final.jar;C:\Tools\OpenESB-SE-3.0.5\OE-Studio\netbeans\java\modules\ext\hibernate4\javassist-3.18.1-GA.jar;C:\Tools\OpenESB-SE-3.0.5\OE-Studio\netbeans\java\modules\ext\hibernate4\jboss-transaction-api_1.2_spec-1.0.0.Final.jar;C:\Tools\OpenESB-SE-3.0.5\OE-Studio\netbeans\java\modules\ext\hibernate4\slf4j-api-1.6.1.jar;C:\Tools\OpenESB-SE-3.0.5\OE-Studio\netbeans\java\modules\ext\hibernate4\slf4j-simple-1.6.1.jar" />
    <property name="nb.native.filechooser" value="false" />
    <property name="libs.restapi.src" value="" />
    <property name="sun.management.compiler" value="HotSpot Client Compiler" />
    <property name="sun.java2d.noddraw" value="true" />
    <property name="libs.jsp-compiler.classpath" value="C:\Tools\OpenESB-SE-3.0.5\OE-Studio\netbeans\enterprise\ant\extra\jspcompile.jar" />
    <property name="ant.file" value="C:\Users\Martin\Documents\DTU\WebServices\Exercises\HelloWorldAPP\build.xml" />
    <property name="libs.beans-binding.maven-pom" value="" />
    <property name="com.sun.jbi.routing.bc.autoconnect" value="true" />
    <property name="libs.hibernate4-support.javadoc" value="C:\Tools\OpenESB-SE-3.0.5\OE-Studio\netbeans\java\modules\ext\docs\javax.persistence-2.1.0-doc.zip" />
    <property name="libs.jsf12.classpath" value="C:\Tools\OpenESB-SE-3.0.5\OE-Studio\netbeans\enterprise\modules\ext\jsf-1_2\commons-beanutils.jar;C:\Tools\OpenESB-SE-3.0.5\OE-Studio\netbeans\enterprise\modules\ext\jsf-1_2\commons-collections.jar;C:\Tools\OpenESB-SE-3.0.5\OE-Studio\netbeans\enterprise\modules\ext\jsf-1_2\commons-digester.jar;C:\Tools\OpenESB-SE-3.0.5\OE-Studio\netbeans\enterprise\modules\ext\jsf-1_2\commons-logging.jar;C:\Tools\OpenESB-SE-3.0.5\OE-Studio\netbeans\enterprise\modules\ext\jsf-1_2\jsf-api.jar;C:\Tools\OpenESB-SE-3.0.5\OE-Studio\netbeans\enterprise\modules\ext\jsf-1_2\jsf-impl.jar" />
    <property name="libs.Java-EE-GlassFish-v3-Prelude.classpath" value="C:\Tools\glassfish4\glassfish\modules\endorsed\javax.annotation-api.jar;C:\Tools\glassfish4\glassfish\modules\endorsed\jaxb-api.jar;C:\Tools\glassfish4\glassfish\modules\endorsed\webservices-api-osgi.jar;C:\Tools\glassfish4\glassfish\modules\bean-validator.jar;C:\Tools\glassfish4\glassfish\modules\javax.batch-api.jar;C:\Tools\glassfish4\glassfish\modules\javax.ejb-api.jar;C:\Tools\glassfish4\glassfish\modules\javax.el.jar;C:\Tools\glassfish4\glassfish\modules\javax.enterprise.concurrent-api.jar;C:\Tools\glassfish4\glassfish\modules\javax.enterprise.concurrent.jar;C:\Tools\glassfish4\glassfish\modules\javax.enterprise.deploy-api.jar;C:\Tools\glassfish4\glassfish\modules\javax.faces.jar;C:\Tools\glassfish4\glassfish\modules\javax.inject.jar;C:\Tools\glassfish4\glassfish\modules\javax.interceptor-api.jar;C:\Tools\glassfish4\glassfish\modules\javax.jms-api.jar;C:\Tools\glassfish4\glassfish\modules\javax.json.jar;C:\Tools\glassfish4\glassfish\modules\javax.mail.jar;C:\Tools\glassfish4\glassfish\modules\javax.management.j2ee-api.jar;C:\Tools\glassfish4\glassfish\modules\javax.persistence.jar;C:\Tools\glassfish4\glassfish\modules\javax.resource-api.jar;C:\Tools\glassfish4\glassfish\modules\javax.security.auth.message-api.jar;C:\Tools\glassfish4\glassfish\modules\javax.security.jacc-api.jar;C:\Tools\glassfish4\glassfish\modules\javax.servlet-api.jar;C:\Tools\glassfish4\glassfish\modules\javax.servlet.jsp-api.jar;C:\Tools\glassfish4\glassfish\modules\javax.servlet.jsp.jar;C:\Tools\glassfish4\glassfish\modules\javax.servlet.jsp.jstl-api.jar;C:\Tools\glassfish4\glassfish\modules\javax.servlet.jsp.jstl.jar;C:\Tools\glassfish4\glassfish\modules\javax.transaction-api.jar;C:\Tools\glassfish4\glassfish\modules\javax.websocket-api.jar;C:\Tools\glassfish4\glassfish\modules\javax.ws.rs-api.jar;C:\Tools\glassfish4\glassfish\modules\javax.xml.registry-api.jar;C:\Tools\glassfish4\glassfish\modules\javax.xml.rpc-api.jar;C:\Tools\glassfish4\glassfish\modules\jaxb-osgi.jar;C:\Tools\glassfish4\glassfish\modules\webservices-osgi.jar;C:\Tools\glassfish4\glassfish\modules\weld-osgi-bundle.jar;C:\Tools\glassfish4\mq\lib\jaxm-api.jar" />
    <property name="libs.Encoder-HL7.src" value="" />
    <property name="libs.jstl.maven-pom" value="" />
    <property name="GenerateATSOutput" value="${generate.ats.output}" />
    <property name="libs.restapi.maven-pom" value="" />
    <property name="no.catd.context" value="true" />
    <property name="libs.beans-binding.src" value="" />
    <property name="java.vm.specification.vendor" value="Oracle Corporation" />
    <property name="libs.swing-layout.src" value="C:\Tools\OpenESB-SE-3.0.5\OE-Studio\netbeans\platform\docs\swing-layout-1.0.4-src.zip" />
    <property name="org.openide.major.version" value="IDE/1" />
    <property name="java.vm.name" value="Java HotSpot(TM) Client VM" />
    <property name="libs.Encoder-Custom.maven-pom" value="" />
    <property name="netbeans.user" value="C:\Users\Martin\AppData\Roaming\.openesb_studio\3.1.0-SNAPSHOT" />
    <property name="java.io.tmpdir" value="C:\Users\Martin\AppData\Local\Temp\" />
    <property name="java.vendor.url" value="http://java.oracle.com/" />
    <property name="libs.jsp-compiler.src" value="" />
    <property name="libs.Encoder-COCO.src" value="" />
    <property name="sun.boot.library.path" value="C:\Program Files (x86)\Java\jdk1.8.0_60\jre\bin" />
    <property name="libs.jsf20.classpath" value="C:\Tools\OpenESB-SE-3.0.5\OE-Studio\netbeans\enterprise\modules\ext\jsf-2_2\javax.faces.jar" />
    <property name="src.build.dir" value="src/jbiServiceUnits" />
    <property name="dist.jar" value="dist/HelloWorldAPP.zip" />
    <property name="libs.spring-framework400.maven-pom" value="" />
    <property name="java.runtime.name" value="Java(TM) SE Runtime Environment" />
    <property name="ant.project.name" value="" />
    <property name="libs.PojoSELib.javadoc" value="C:\Tools\OpenESB-SE-3.0.5\OE-Studio\netbeans\soa\modules\ext\sun-pojo-engine-api-javadoc.jar" />
    <property name="netbeans.hash.code" value="unique=00d91c21c-9baa-436c-9e2b-78419b3d5069_921eec79-3656-44fd-87e4-28a13c5dfe79" />
    <property name="netbeans.default_userdir_root" value="" />
    <property name="libs.jsp-compilation-syscp.maven-pom" value="" />
    <property name="sun.cpu.isalist" value="pentium_pro+mmx pentium_pro pentium+mmx pentium i486 i386 i86" />
    <property name="libs.spring-framework400.javadoc" value="" />
    <property name="libs.CopyLibs.javadoc" value="" />
    <property name="org.openide.specification.version" value="6.2" />
    <property name="user.home" value="C:\Users\Martin" />
    <property name="libs.primefaces.maven-pom" value="" />
    <property name="com.sun.jbi.routing" value="true" />
    <property name="libs.javaee-api-6.0.maven-pom" value="" />
    <property name="libs.JWSAntTasks.src" value="" />
    <property name="libs.CopyLibs.maven-pom" value="" />
    <property name="libs.spring-framework300.javadoc" value="" />
    <property name="libs.absolutelayout.javadoc" value="" />
    <property name="java.specification.name" value="Java Platform API Specification" />
    <property name="libs.Encoder-COCO.maven-pom" value="" />
    <property name="ide.module.install.dir" value="C:\Tools\OpenESB-SE-3.0.5\OE-Studio\netbeans\ide\modules" />
    <property name="java.specification.vendor" value="Oracle Corporation" />
    <property name="libs.javac-api.classpath" value="C:\Tools\OpenESB-SE-3.0.5\OE-Studio\netbeans\java\modules\ext\nb-javac-api.jar" />
    <property name="java.version" value="1.8.0_60" />
    <property name="libs.MySQLDriver.javadoc" value="" />
    <property name="org.openide.version" value="deprecated" />
    <property name="source.encoding" value="UTF-8" />
    <property name="libs.eclipselinkmodelgen.maven-pom" value="" />
    <property name="libs.jsp-compilation-syscp.javadoc" value="" />
    <property name="server.password" value="admin" />
    <property name="libs.junit.maven-pom" value="" />
    <property name="libs.eclipselinkmodelgen.javadoc" value="" />
    <property name="libs.javaee-endorsed-api-7.0.classpath" value="C:\Tools\OpenESB-SE-3.0.5\OE-Studio\netbeans\enterprise\modules\ext\javaee7-endorsed\javax.annotation-api.jar;C:\Tools\OpenESB-SE-3.0.5\OE-Studio\netbeans\enterprise\modules\ext\javaee7-endorsed\javax.xml.soap-api.jar;C:\Tools\OpenESB-SE-3.0.5\OE-Studio\netbeans\enterprise\modules\ext\javaee7-endorsed\jaxb-api-osgi.jar;C:\Tools\OpenESB-SE-3.0.5\OE-Studio\netbeans\enterprise\modules\ext\javaee7-endorsed\jaxws-api.jar;C:\Tools\OpenESB-SE-3.0.5\OE-Studio\netbeans\enterprise\modules\ext\javaee7-endorsed\jsr181-api.jar" />
    <property name="libs.metro.javadoc" value="C:\Tools\OpenESB-SE-3.0.5\OE-Studio\netbeans\enterprise\docs\metro-1.4-doc.zip" />
    <property name="libs.struts.maven-pom" value="" />
    <property name="libs.testng.maven-pom" value="" />
    <property name="NetBeansUserDir" value="C:\Users\Martin\AppData\Roaming\.openesb_studio\3.1.0-SNAPSHOT" />
    <property name="test.dir" value="test" />
    <property name="libs.jaxb.src" value="" />
    <property name="libs.Encoder-HL7.maven-pom" value="" />
    <property name="libs.jaxb.classpath" value="C:\Tools\OpenESB-SE-3.0.5\OE-Studio\netbeans\ide\modules\ext\jaxb\jaxb-impl.jar;C:\Tools\OpenESB-SE-3.0.5\OE-Studio\netbeans\ide\modules\ext\jaxb\jaxb-xjc.jar;C:\Tools\OpenESB-SE-3.0.5\OE-Studio\netbeans\ide\modules\ext\jaxb\jaxb1-impl.jar;C:\Tools\OpenESB-SE-3.0.5\OE-Studio\netbeans\ide\modules\ext\jaxb\activation.jar;C:\Tools\OpenESB-SE-3.0.5\OE-Studio\netbeans\ide\modules\ext\jaxb\api\jaxb-api.jar;C:\Tools\OpenESB-SE-3.0.5\OE-Studio\netbeans\ide\modules\ext\jaxb\api\jsr173_1.0_api.jar" />
    <property name="libs.swing-layout.classpath" value="C:\Tools\OpenESB-SE-3.0.5\OE-Studio\netbeans\platform\modules\ext\swing-layout-1.0.4.jar" />
    <property name="libs.spring-webmvc3.0.classpath" value="C:\Tools\OpenESB-SE-3.0.5\OE-Studio\netbeans\java\modules\ext\spring-3.0\spring-webmvc-3.2.7.RELEASE.jar" />
    <property name="libs.javaee-web-api-7.0.maven-pom" value="" />
    <property name="libs.restlib.src" value="" />
    <property name="build.generated.dir" value="build/generated" />
    <property name="line.separator" value="&#xd;&#xa;" />
    <property name="java.specification.version" value="1.8" />
    <property name="libs.jaxws21.maven-pom" value="" />
    <property name="java.vm.info" value="mixed mode" />
    <property name="sun.boot.class.path" value="C:\Program Files (x86)\Java\jdk1.8.0_60\jre\lib\resources.jar;C:\Program Files (x86)\Java\jdk1.8.0_60\jre\lib\rt.jar;C:\Program Files (x86)\Java\jdk1.8.0_60\jre\lib\sunrsasign.jar;C:\Program Files (x86)\Java\jdk1.8.0_60\jre\lib\jsse.jar;C:\Program Files (x86)\Java\jdk1.8.0_60\jre\lib\jce.jar;C:\Program Files (x86)\Java\jdk1.8.0_60\jre\lib\charsets.jar;C:\Program Files (x86)\Java\jdk1.8.0_60\jre\lib\jfr.jar;C:\Program Files (x86)\Java\jdk1.8.0_60\jre\classes" />
    <property name="src.dir" value="src/jbiasa" />
    <property name="libs.Encoder-Framework.maven-pom" value="" />
    <property name="libs.jpa2-persistence.src" value="" />
    <property name="sun.awt.keepWorkingSetOnMinimize" value="true" />
    <property name="libs.jsf20.src" value="" />
    <property name="libs.jpa20-persistence.src" value="" />
    <property name="libs.jsf12.src" value="" />
    <property name="libs.JAVADB_DRIVER_LABEL.maven-pom" value="" />
    <property name="libs.struts.javadoc" value="C:\Tools\OpenESB-SE-3.0.5\OE-Studio\netbeans\enterprise\docs\struts-1.3.10-javadoc.zip" />
    <property name="libs.Comet-GlassFish-v3.classpath" value="" />
    <property name="libs.javaee-web-api-7.0.src" value="" />
    <property name="libs.primefaces.src" value="" />
    <property name="dist.dir" value="dist" />
    <property name="org.netbeans.modules.compapp.catd.context" value="" />
    <property name="inDebug" value="${inDebug}" />
    <property name="java.awt.printerjob" value="sun.awt.windows.WPrinterJob" />
    <property name="default.javac.source" value="1.8" />
    <property name="libs.MySQLDriver.src" value="" />
    <property name="sun.jnu.encoding" value="Cp1252" />
    <property name="jbi.service-assembly.id" value="HelloWorldAPP" />
    <property name="libs.Encoder-COCO.javadoc" value="" />
    <property name="ant.file.type.HelloWorldAPP-jbi-impl" value="file" />
    <property name="java.runtime.version" value="1.8.0_60-b27" />
    <property name="jbi.service-assembly.description" value="Represents the Service Assembly of HelloWorldAPP" />
    <property name="default.javac.target" value="1.8" />
    <property name="libs.junit_4.classpath" value="C:\Tools\OpenESB-SE-3.0.5\OE-Studio\netbeans\platform\modules\ext\junit-4.10.jar" />
    <property name="user.timezone" value="" />
    <property name="java.module.install.dir" value="C:\Tools\OpenESB-SE-3.0.5\OE-Studio\netbeans\java\modules" />
    <property name="libs.JAVADB_DRIVER_LABEL.javadoc" value="" />
    <property name="libs.javaee-endorsed-api-6.0.maven-pom" value="" />
    <property name="netbeans.dirs" value="C:\Tools\OpenESB-SE-3.0.5\OE-Studio\netbeans\soa;C:\Tools\OpenESB-SE-3.0.5\OE-Studio\netbeans\extide;C:\Tools\OpenESB-SE-3.0.5\OE-Studio\netbeans\apisupport;C:\Tools\OpenESB-SE-3.0.5\OE-Studio\netbeans\enterprise;C:\Tools\OpenESB-SE-3.0.5\OE-Studio\netbeans\ergonomics;C:\Tools\OpenESB-SE-3.0.5\OE-Studio\netbeans\harness;C:\Tools\OpenESB-SE-3.0.5\OE-Studio\netbeans\ide;C:\Tools\OpenESB-SE-3.0.5\OE-Studio\netbeans\java;C:\Tools\OpenESB-SE-3.0.5\OE-Studio\netbeans\nb;C:\Tools\OpenESB-SE-3.0.5\OE-Studio\netbeans\profiler;C:\Tools\OpenESB-SE-3.0.5\OE-Studio\netbeans\webcommon;C:\Tools\OpenESB-SE-3.0.5\OE-Studio\netbeans\websvccommon" />
    <property name="libs.jsf20.javadoc" value="C:\Tools\OpenESB-SE-3.0.5\OE-Studio\netbeans\enterprise\docs\javaee-doc-api.jar" />
    <property name="libs.jstl.javadoc" value="C:\Tools\OpenESB-SE-3.0.5\OE-Studio\netbeans\enterprise\docs\javaee-doc-api.jar" />
    <property name="java.ext.dirs" value="C:\Program Files (x86)\Java\jdk1.8.0_60\jre\lib\ext;C:\WINDOWS\Sun\Java\lib\ext" />
    <property name="libs.metro.src" value="" />
    <property name="libs.absolutelayout.classpath" value="C:\Tools\OpenESB-SE-3.0.5\OE-Studio\netbeans\java\modules\ext\AbsoluteLayout.jar" />
    <property name="libs.metro.classpath" value="C:\Tools\OpenESB-SE-3.0.5\OE-Studio\netbeans\ide\modules\ext\jaxb\activation.jar;C:\Tools\OpenESB-SE-3.0.5\OE-Studio\netbeans\enterprise\modules\ext\metro\webservices-api.jar;C:\Tools\OpenESB-SE-3.0.5\OE-Studio\netbeans\enterprise\modules\ext\metro\webservices-extra-api.jar;C:\Tools\OpenESB-SE-3.0.5\OE-Studio\netbeans\enterprise\modules\ext\metro\webservices-extra.jar;C:\Tools\OpenESB-SE-3.0.5\OE-Studio\netbeans\enterprise\modules\ext\metro\webservices-rt.jar;C:\Tools\OpenESB-SE-3.0.5\OE-Studio\netbeans\enterprise\modules\ext\metro\webservices-tools.jar" />
    <property name="libs.restlib.maven-pom" value="" />
    <property name="libs.jpa2-persistence.javadoc" value="C:\Tools\OpenESB-SE-3.0.5\OE-Studio\netbeans\java\modules\ext\docs\javax.persistence-2.1.0-doc.zip" />
    <property name="jbi.content.component" value="sun-bpel-engine" />
    <property name="java.class.path" value="C:\Tools\OpenESB-SE-3.0.5\OE-Studio\netbeans\soa\modules\org-netbeans-modules-compapp-manager-jbi.jar;C:\Tools\OpenESB-SE-3.0.5\OE-Studio\netbeans\soa\modules\org-netbeans-modules-compapp-projects-jbi.jar;C:\Tools\OpenESB-SE-3.0.5\OE-Studio\netbeans\soa\modules\ext\jbi-admin-common.jar;C:\Tools\OpenESB-SE-3.0.5\OE-Studio\netbeans\soa\modules\ext\catd.jar;C:\Tools\OpenESB-SE-3.0.5\OE-Studio\netbeans\java\modules\ext\junit-3.8.2.jar;C:\Tools\OpenESB-SE-3.0.5\OE-Studio\netbeans\java\modules\ext\jaxws22\api\saaj-api.jar;C:\Tools\OpenESB-SE-3.0.5\OE-Studio\netbeans\java\modules\ext\jaxws22\saaj-impl.jar;C:\Tools\OpenESB-SE-3.0.5\OE-Studio\netbeans\java\modules\ext\jaxws22\FastInfoset.jar;C:\Tools\OpenESB-SE-3.0.5\OE-Studio\netbeans\ide\modules\org-netbeans-modules-editor-lib.jar;C:\Tools\OpenESB-SE-3.0.5\OE-Studio\netbeans\ide\modules\org-netbeans-modules-editor.jar;C:\Tools\OpenESB-SE-3.0.5\OE-Studio\netbeans\ide\modules\org-netbeans-modules-editor-deprecated-pre65formatting.jar;C:\Tools\OpenESB-SE-3.0.5\OE-Studio\netbeans\ide\modules\org-netbeans-modules-editor-util.jar;C:\Tools\OpenESB-SE-3.0.5\OE-Studio\netbeans\ide\modules\org-netbeans-modules-editor-lib2.jar;C:\Tools\OpenESB-SE-3.0.5\OE-Studio\netbeans\ide\modules\org-netbeans-modules-editor-indent.jar;C:\Tools\OpenESB-SE-3.0.5\OE-Studio\netbeans\ide\modules\org-netbeans-modules-editor-plain.jar;C:\Tools\OpenESB-SE-3.0.5\OE-Studio\netbeans\ide\modules\org-netbeans-modules-editor-plain-lib.jar;C:\Tools\OpenESB-SE-3.0.5\OE-Studio\netbeans\ide\modules\org-netbeans-modules-editor-settings.jar;C:\Tools\OpenESB-SE-3.0.5\OE-Studio\netbeans\ide\modules\org-netbeans-modules-editor-settings-storage.jar;C:\Tools\OpenESB-SE-3.0.5\OE-Studio\netbeans\ide\modules\org-netbeans-modules-lexer.jar;C:\Tools\OpenESB-SE-3.0.5\OE-Studio\netbeans\ide\modules\org-netbeans-modules-xml-core.jar;C:\Tools\OpenESB-SE-3.0.5\OE-Studio\netbeans\ide\modules\org-netbeans-modules-xml-lexer.jar;C:\Tools\OpenESB-SE-3.0.5\OE-Studio\netbeans\ide\modules\org-netbeans-modules-xml-text.jar;C:\Tools\OpenESB-SE-3.0.5\OE-Studio\netbeans\ide\modules\org-netbeans-modules-xml-xdm.jar;C:\Tools\OpenESB-SE-3.0.5\OE-Studio\netbeans\ide\modules\org-netbeans-modules-xml-xam.jar;C:\Tools\OpenESB-SE-3.0.5\OE-Studio\netbeans\ide\modules\org-netbeans-modules-csl-api.jar;C:\Tools\OpenESB-SE-3.0.5\OE-Studio\netbeans\ide\modules\ext\jaxb\activation.jar;C:\Tools\OpenESB-SE-3.0.5\OE-Studio\netbeans\platform\lib\org-openide-modules.jar;C:\Tools\OpenESB-SE-3.0.5\OE-Studio\netbeans\platform\lib\org-openide-util.jar;C:\Tools\OpenESB-SE-3.0.5\OE-Studio\netbeans\platform\lib\org-openide-util-lookup.jar;C:\Tools\OpenESB-SE-3.0.5\OE-Studio\netbeans\platform\modules\org-openide-awt.jar;C:\Tools\OpenESB-SE-3.0.5\OE-Studio\netbeans\platform\modules\org-openide-options.jar;C:\Tools\OpenESB-SE-3.0.5\OE-Studio\netbeans\platform\modules\org-openide-text.jar;C:\Tools\OpenESB-SE-3.0.5\OE-Studio\netbeans\platform\modules\org-openide-loaders.jar;C:\Tools\OpenESB-SE-3.0.5\OE-Studio\netbeans\platform\modules\org-openide-nodes.jar;C:\Tools\OpenESB-SE-3.0.5\OE-Studio\netbeans\platform\modules\org-netbeans-modules-editor-mimelookup.jar;C:\Tools\OpenESB-SE-3.0.5\OE-Studio\netbeans\platform\modules\org-netbeans-modules-editor-mimelookup-impl.jar;C:\Tools\OpenESB-SE-3.0.5\OE-Studio\netbeans\platform\core\org-openide-filesystems.jar;C:\Tools\OpenESB-SE-3.0.5\OE-Studio\netbeans\platform\modules\org-netbeans-modules-keyring.jar;C:\Tools\OpenESB-SE-3.0.5\OE-Studio\netbeans\platform\modules\org-openide-dialogs.jar;C:\Tools\OpenESB-SE-3.0.5\OE-Studio\netbeans\extide\ant\lib\ant-launcher.jar;C:\Tools\OpenESB-SE-3.0.5\OE-Studio\netbeans\extide\ant\lib\ant.jar;C:\Tools\OpenESB-SE-3.0.5\OE-Studio\netbeans\extide\ant\lib\ant-junit.jar;C:\Tools\OpenESB-SE-3.0.5\OE-Studio\netbeans\extide\ant\lib\ant-junit4.jar" />
    <property name="libs.absolutelayout.src" value="" />
    <property name="libs.jpa20-persistence.classpath" value="C:\Tools\OpenESB-SE-3.0.5\OE-Studio\netbeans\java\modules\ext\eclipselink\javax.persistence_2.1.0.v201304241213.jar" />
    <property name="j2ee.server.type" value="OpenESBStandalone" />
    <property name="os.version" value="6.3" />
    <property name="libs.EclipseLink-GlassFish-v3.javadoc" value="C:\Tools\OpenESB-SE-3.0.5\OE-Studio\netbeans\enterprise\docs\javaee-doc-api.jar" />
    <property name="libs.javaee-api-7.0.maven-pom" value="" />
    <property name="sun.awt.enableExtraMouseButtons" value="true" />
    <property name="sun.desktop" value="windows" />
    <property name="libs.PojoSELib.maven-pom" value="" />
    <property name="libs.hibernate4-persistence.src" value="" />
    <property name="libs.hibernate4-support.maven-pom" value="" />
    <property name="libs.Comet-GlassFish-v3.src" value="" />
    <property name="libs.restlib.javadoc" value="" />
    <property name="libs.JAXB-ENDORSED.classpath" value="C:\Tools\OpenESB-SE-3.0.5\OE-Studio\netbeans\ide\modules\ext\jaxb\api\jaxb-api.jar" />
    <property name="libs.javaee-api-7.0.javadoc" value="C:\Tools\OpenESB-SE-3.0.5\OE-Studio\netbeans\enterprise\docs\javaee-doc-api.jar" />
    <property name="libs.eclipselink.classpath" value="C:\Tools\OpenESB-SE-3.0.5\OE-Studio\netbeans\java\modules\ext\eclipselink\eclipselink.jar;C:\Tools\OpenESB-SE-3.0.5\OE-Studio\netbeans\java\modules\ext\eclipselink\javax.persistence_2.1.0.v201304241213.jar;C:\Tools\OpenESB-SE-3.0.5\OE-Studio\netbeans\java\modules\ext\eclipselink\org.eclipse.persistence.jpa.jpql_2.5.2.v20140319-9ad6abd.jar" />
    <property name="libs.beans-binding.javadoc" value="C:\Tools\OpenESB-SE-3.0.5\OE-Studio\netbeans\java\docs\beansbinding-1.2.1-doc.zip" />
    <property name="java.awt.graphicsenv" value="sun.awt.Win32GraphicsEnvironment" />
    <property name="java.vm.vendor" value="Oracle Corporation" />
    <property name="libs.CopyLibs.classpath" value="C:\Tools\OpenESB-SE-3.0.5\OE-Studio\netbeans\java\ant\extra\org-netbeans-modules-java-j2seproject-copylibstask.jar" />
    <property name="libs.spring-framework300.classpath" value="C:\Tools\OpenESB-SE-3.0.5\OE-Studio\netbeans\ide\modules\org-apache-commons-logging.jar;C:\Tools\OpenESB-SE-3.0.5\OE-Studio\netbeans\java\modules\ext\cglib-2.2.jar;C:\Tools\OpenESB-SE-3.0.5\OE-Studio\netbeans\java\modules\ext\spring-3.0\spring-aop-3.2.7.RELEASE.jar;C:\Tools\OpenESB-SE-3.0.5\OE-Studio\netbeans\java\modules\ext\spring-3.0\spring-aspects-3.2.7.RELEASE.jar;C:\Tools\OpenESB-SE-3.0.5\OE-Studio\netbeans\java\modules\ext\spring-3.0\spring-beans-3.2.7.RELEASE.jar;C:\Tools\OpenESB-SE-3.0.5\OE-Studio\netbeans\java\modules\ext\spring-3.0\spring-build-src-3.2.7.RELEASE.jar;C:\Tools\OpenESB-SE-3.0.5\OE-Studio\netbeans\java\modules\ext\spring-3.0\spring-context-3.2.7.RELEASE.jar;C:\Tools\OpenESB-SE-3.0.5\OE-Studio\netbeans\java\modules\ext\spring-3.0\spring-context-support-3.2.7.RELEASE.jar;C:\Tools\OpenESB-SE-3.0.5\OE-Studio\netbeans\java\modules\ext\spring-3.0\spring-core-3.2.7.RELEASE.jar;C:\Tools\OpenESB-SE-3.0.5\OE-Studio\netbeans\java\modules\ext\spring-3.0\spring-expression-3.2.7.RELEASE.jar;C:\Tools\OpenESB-SE-3.0.5\OE-Studio\netbeans\java\modules\ext\spring-3.0\spring-framework-bom-3.2.7.RELEASE.jar;C:\Tools\OpenESB-SE-3.0.5\OE-Studio\netbeans\java\modules\ext\spring-3.0\spring-instrument-3.2.7.RELEASE.jar;C:\Tools\OpenESB-SE-3.0.5\OE-Studio\netbeans\java\modules\ext\spring-3.0\spring-instrument-tomcat-3.2.7.RELEASE.jar;C:\Tools\OpenESB-SE-3.0.5\OE-Studio\netbeans\java\modules\ext\spring-3.0\spring-jdbc-3.2.7.RELEASE.jar;C:\Tools\OpenESB-SE-3.0.5\OE-Studio\netbeans\java\modules\ext\spring-3.0\spring-jms-3.2.7.RELEASE.jar;C:\Tools\OpenESB-SE-3.0.5\OE-Studio\netbeans\java\modules\ext\spring-3.0\spring-orm-3.2.7.RELEASE.jar;C:\Tools\OpenESB-SE-3.0.5\OE-Studio\netbeans\java\modules\ext\spring-3.0\spring-oxm-3.2.7.RELEASE.jar;C:\Tools\OpenESB-SE-3.0.5\OE-Studio\netbeans\java\modules\ext\spring-3.0\spring-struts-3.2.7.RELEASE.jar;C:\Tools\OpenESB-SE-3.0.5\OE-Studio\netbeans\java\modules\ext\spring-3.0\spring-test-3.2.7.RELEASE.jar;C:\Tools\OpenESB-SE-3.0.5\OE-Studio\netbeans\java\modules\ext\spring-3.0\spring-tx-3.2.7.RELEASE.jar;C:\Tools\OpenESB-SE-3.0.5\OE-Studio\netbeans\java\modules\ext\spring-3.0\spring-web-3.2.7.RELEASE.jar;C:\Tools\OpenESB-SE-3.0.5\OE-Studio\netbeans\java\modules\ext\spring-3.0\spring-webmvc-3.2.7.RELEASE.jar;C:\Tools\OpenESB-SE-3.0.5\OE-Studio\netbeans\java\modules\ext\spring-3.0\spring-webmvc-portlet-3.2.7.RELEASE.jar" />
    <property name="libs.jsp-compiler.maven-pom" value="" />
    <property name="libs.Encoder-COCO.classpath" value="C:\Tools\OpenESB-SE-3.0.5\OE-Studio\netbeans\soa\modules\ext\coco.jar;C:\Tools\OpenESB-SE-3.0.5\OE-Studio\netbeans\soa\modules\ext\cocoencoder-xsdextension.jar" />
    <property name="libs.hibernate4-persistence.classpath" value="C:\Tools\OpenESB-SE-3.0.5\OE-Studio\netbeans\java\modules\ext\hibernate4\antlr-2.7.7.jar;C:\Tools\OpenESB-SE-3.0.5\OE-Studio\netbeans\java\modules\ext\hibernate4\c3p0-0.9.2.1.jar;C:\Tools\OpenESB-SE-3.0.5\OE-Studio\netbeans\java\modules\ext\hibernate4\hibernate-c3p0-4.3.1.Final.jar;C:\Tools\OpenESB-SE-3.0.5\OE-Studio\netbeans\java\modules\ext\hibernate4\mchange-commons-java-0.2.3.4.jar;C:\Tools\OpenESB-SE-3.0.5\OE-Studio\netbeans\java\modules\ext\hibernate4\dom4j-1.6.1.jar;C:\Tools\OpenESB-SE-3.0.5\OE-Studio\netbeans\java\modules\ext\hibernate4\ehcache-core-2.4.3.jar;C:\Tools\OpenESB-SE-3.0.5\OE-Studio\netbeans\java\modules\ext\hibernate4\hibernate-ehcache-4.3.1.Final.jar;C:\Tools\OpenESB-SE-3.0.5\OE-Studio\netbeans\java\modules\ext\hibernate4\hibernate-core-4.3.1.Final.jar;C:\Tools\OpenESB-SE-3.0.5\OE-Studio\netbeans\java\modules\ext\hibernate4\jboss-logging-3.1.3.GA.jar;C:\Tools\OpenESB-SE-3.0.5\OE-Studio\netbeans\java\modules\ext\hibernate4\hibernate-commons-annotations-4.0.4.Final.jar;C:\Tools\OpenESB-SE-3.0.5\OE-Studio\netbeans\java\modules\ext\hibernate4\hibernate-entitymanager-4.3.1.Final.jar;C:\Tools\OpenESB-SE-3.0.5\OE-Studio\netbeans\java\modules\ext\hibernate4\javassist-3.18.1-GA.jar;C:\Tools\OpenESB-SE-3.0.5\OE-Studio\netbeans\java\modules\ext\hibernate4\jboss-transaction-api_1.2_spec-1.0.0.Final.jar;C:\Tools\OpenESB-SE-3.0.5\OE-Studio\netbeans\java\modules\ext\hibernate4\slf4j-api-1.6.1.jar;C:\Tools\OpenESB-SE-3.0.5\OE-Studio\netbeans\java\modules\ext\hibernate4\slf4j-simple-1.6.1.jar;C:\Tools\OpenESB-SE-3.0.5\OE-Studio\netbeans\java\modules\ext\hibernate4\hibernate-jpa-2.1-api-1.0.0.Final.jar" />
    <property name="libs.JAXB-ENDORSED.src" value="" />
    <property name="libs.testng.javadoc" value="C:\Tools\OpenESB-SE-3.0.5\OE-Studio\netbeans\platform\docs\testng-6.8.1-javadoc.zip" />
    <property name="user.script" value="" />
    <property name="libs.PostgreSQLDriver.classpath" value="C:\Tools\OpenESB-SE-3.0.5\OE-Studio\netbeans\ide\modules\ext\postgresql-9.2-1002.jdbc4.jar" />
    <property name="libs.jsf12.maven-pom" value="" />
    <property name="soa.module.install.dir" value="C:\Tools\OpenESB-SE-3.0.5\OE-Studio\netbeans\soa\modules" />
    <property name="libs.hibernate4-persistencemodelgen.classpath" value="C:\Tools\OpenESB-SE-3.0.5\OE-Studio\netbeans\java\modules\ext\hibernate4\hibernate-jpamodelgen-4.3.1.Final.jar" />
    <property name="libs.Encoder-Custom.src" value="" />
    <property name="libs.junit.src" value="" />
    <property name="libs.CopyLibs.src" value="" />
    <property name="build.dir" value="build" />
    <property name="libs.jsp-compilation.classpath" value="C:\Tools\OpenESB-SE-3.0.5\OE-Studio\netbeans\extide\ant\lib\ant.jar;C:\Tools\OpenESB-SE-3.0.5\OE-Studio\netbeans\enterprise\modules\ext\servlet3.1-jsp2.3-api.jar;C:\Tools\OpenESB-SE-3.0.5\OE-Studio\netbeans\enterprise\modules\ext\glassfish-jspparser-4.0.jar;C:\Tools\OpenESB-SE-3.0.5\OE-Studio\netbeans\enterprise\modules\ext\jsf-2_2\javax.faces.jar;C:\Tools\OpenESB-SE-3.0.5\OE-Studio\netbeans\enterprise\modules\ext\jstl-api.jar;C:\Tools\OpenESB-SE-3.0.5\OE-Studio\netbeans\extide\ant\lib\ant-launcher.jar" />
    <property name="ant.version" value="Apache Ant(TM) version 1.9.4 compiled on April 29 2014" />
    <property name="file.encoding" value="Cp1252" />
    <property name="libs.spring-webmvc4.0.classpath" value="C:\Tools\OpenESB-SE-3.0.5\OE-Studio\netbeans\java\modules\ext\spring-4\spring-webmvc-4.0.1.RELEASE.jar" />
    <property name="awt.toolkit" value="sun.awt.windows.WToolkit" />
    <property name="libs.javaee-web-api-7.0.javadoc" value="C:\Tools\OpenESB-SE-3.0.5\OE-Studio\netbeans\enterprise\docs\javaee-doc-api.jar" />
  </properties>
  <testcase classname="org.netbeans.modules.compapp.catd.ConfiguredTest" name="HelloTest" time="0.62" />
  <system-out><![CDATA[GenerateATSOutput=${generate.ats.output}
NetBeansUserDir=C:\Users\Martin\AppData\Roaming\.openesb_studio\3.1.0-SNAPSHOT
ServerPassword=admin
awt.toolkit=sun.awt.windows.WToolkit
file.encoding=Cp1252
file.encoding.pkg=sun.io
file.separator=\
inDebug=${inDebug}
java.awt.graphicsenv=sun.awt.Win32GraphicsEnvironment
java.awt.headless=${java.awt.headless}
java.awt.printerjob=sun.awt.windows.WPrinterJob
java.class.path=C:\Tools\OpenESB-SE-3.0.5\OE-Studio\netbeans\soa\modules\org-netbeans-modules-compapp-manager-jbi.jar;C:\Tools\OpenESB-SE-3.0.5\OE-Studio\netbeans\soa\modules\org-netbeans-modules-compapp-projects-jbi.jar;C:\Tools\OpenESB-SE-3.0.5\OE-Studio\netbeans\soa\modules\ext\jbi-admin-common.jar;C:\Tools\OpenESB-SE-3.0.5\OE-Studio\netbeans\soa\modules\ext\catd.jar;C:\Tools\OpenESB-SE-3.0.5\OE-Studio\netbeans\java\modules\ext\junit-3.8.2.jar;C:\Tools\OpenESB-SE-3.0.5\OE-Studio\netbeans\java\modules\ext\jaxws22\api\saaj-api.jar;C:\Tools\OpenESB-SE-3.0.5\OE-Studio\netbeans\java\modules\ext\jaxws22\saaj-impl.jar;C:\Tools\OpenESB-SE-3.0.5\OE-Studio\netbeans\java\modules\ext\jaxws22\FastInfoset.jar;C:\Tools\OpenESB-SE-3.0.5\OE-Studio\netbeans\ide\modules\org-netbeans-modules-editor-lib.jar;C:\Tools\OpenESB-SE-3.0.5\OE-Studio\netbeans\ide\modules\org-netbeans-modules-editor.jar;C:\Tools\OpenESB-SE-3.0.5\OE-Studio\netbeans\ide\modules\org-netbeans-modules-editor-deprecated-pre65formatting.jar;C:\Tools\OpenESB-SE-3.0.5\OE-Studio\netbeans\ide\modules\org-netbeans-modules-editor-util.jar;C:\Tools\OpenESB-SE-3.0.5\OE-Studio\netbeans\ide\modules\org-netbeans-modules-editor-lib2.jar;C:\Tools\OpenESB-SE-3.0.5\OE-Studio\netbeans\ide\modules\org-netbeans-modules-editor-indent.jar;C:\Tools\OpenESB-SE-3.0.5\OE-Studio\netbeans\ide\modules\org-netbeans-modules-editor-plain.jar;C:\Tools\OpenESB-SE-3.0.5\OE-Studio\netbeans\ide\modules\org-netbeans-modules-editor-plain-lib.jar;C:\Tools\OpenESB-SE-3.0.5\OE-Studio\netbeans\ide\modules\org-netbeans-modules-editor-settings.jar;C:\Tools\OpenESB-SE-3.0.5\OE-Studio\netbeans\ide\modules\org-netbeans-modules-editor-settings-storage.jar;C:\Tools\OpenESB-SE-3.0.5\OE-Studio\netbeans\ide\modules\org-netbeans-modules-lexer.jar;C:\Tools\OpenESB-SE-3.0.5\OE-Studio\netbeans\ide\modules\org-netbeans-modules-xml-core.jar;C:\Tools\OpenESB-SE-3.0.5\OE-Studio\netbeans\ide\modules\org-netbeans-modules-xml-lexer.jar;C:\Tools\OpenESB-SE-3.0.5\OE-Studio\netbeans\ide\modules\org-netbeans-modules-xml-text.jar;C:\Tools\OpenESB-SE-3.0.5\OE-Studio\netbeans\ide\modules\org-netbeans-modules-xml-xdm.jar;C:\Tools\OpenESB-SE-3.0.5\OE-Studio\netbeans\ide\modules\org-netbeans-modules-xml-xam.jar;C:\Tools\OpenESB-SE-3.0.5\OE-Studio\netbeans\ide\modules\org-netbeans-modules-csl-api.jar;C:\Tools\OpenESB-SE-3.0.5\OE-Studio\netbeans\ide\modules\ext\jaxb\activation.jar;C:\Tools\OpenESB-SE-3.0.5\OE-Studio\netbeans\platform\lib\org-openide-modules.jar;C:\Tools\OpenESB-SE-3.0.5\OE-Studio\netbeans\platform\lib\org-openide-util.jar;C:\Tools\OpenESB-SE-3.0.5\OE-Studio\netbeans\platform\lib\org-openide-util-lookup.jar;C:\Tools\OpenESB-SE-3.0.5\OE-Studio\netbeans\platform\modules\org-openide-awt.jar;C:\Tools\OpenESB-SE-3.0.5\OE-Studio\netbeans\platform\modules\org-openide-options.jar;C:\Tools\OpenESB-SE-3.0.5\OE-Studio\netbeans\platform\modules\org-openide-text.jar;C:\Tools\OpenESB-SE-3.0.5\OE-Studio\netbeans\platform\modules\org-openide-loaders.jar;C:\Tools\OpenESB-SE-3.0.5\OE-Studio\netbeans\platform\modules\org-openide-nodes.jar;C:\Tools\OpenESB-SE-3.0.5\OE-Studio\netbeans\platform\modules\org-netbeans-modules-editor-mimelookup.jar;C:\Tools\OpenESB-SE-3.0.5\OE-Studio\netbeans\platform\modules\org-netbeans-modules-editor-mimelookup-impl.jar;C:\Tools\OpenESB-SE-3.0.5\OE-Studio\netbeans\platform\core\org-openide-filesystems.jar;C:\Tools\OpenESB-SE-3.0.5\OE-Studio\netbeans\platform\modules\org-netbeans-modules-keyring.jar;C:\Tools\OpenESB-SE-3.0.5\OE-Studio\netbeans\platform\modules\org-openide-dialogs.jar;C:\Tools\OpenESB-SE-3.0.5\OE-Studio\netbeans\extide\ant\lib\ant-launcher.jar;C:\Tools\OpenESB-SE-3.0.5\OE-Studio\netbeans\extide\ant\lib\ant.jar;C:\Tools\OpenESB-SE-3.0.5\OE-Studio\netbeans\extide\ant\lib\ant-junit.jar;C:\Tools\OpenESB-SE-3.0.5\OE-Studio\netbeans\extide\ant\lib\ant-junit4.jar
java.class.version=52.0
java.endorsed.dirs=C:\Program Files (x86)\Java\jdk1.8.0_60\jre\lib\endorsed
java.ext.dirs=C:\Program Files (x86)\Java\jdk1.8.0_60\jre\lib\ext;C:\WINDOWS\Sun\Java\lib\ext
java.home=C:\Program Files (x86)\Java\jdk1.8.0_60\jre
java.io.tmpdir=C:\Users\Martin\AppData\Local\Temp\
java.library.path=C:\Program Files (x86)\Java\jdk1.8.0_60\jre\bin;C:\WINDOWS\Sun\Java\bin;C:\WINDOWS\system32;C:\WINDOWS;C:\gurobi605\win64\bin;C:\Python27\;C:\Python27\Scripts;C:\Program Files (x86)\Java\jdk1.8.0_60\bin;C:\ProgramData\Oracle\Java\javapath;C:\Program Files (x86)\Lenovo\FusionEngine;C:\Program Files (x86)\NVIDIA Corporation\PhysX\Common;C:\Program Files (x86)\Intel\iCLS Client\;C:\Program Files\Intel\iCLS Client\;C:\WINDOWS\system32;C:\WINDOWS;C:\WINDOWS\System32\Wbem;C:\WINDOWS\System32\WindowsPowerShell\v1.0\;C:\Program Files\Intel\Intel(R) Management Engine Components\DAL;C:\Program Files\Intel\Intel(R) Management Engine Components\IPT;C:\Program Files (x86)\Intel\Intel(R) Management Engine Components\DAL;C:\Program Files (x86)\Intel\Intel(R) Management Engine Components\IPT;C:\Program Files (x86)\Lenovo\Motion Control\;C:\Program Files (x86)\Common Files\lenovo\easyplussdk\bin;C:\Program Files (x86)\Windows Live\Shared;C:\Program Files (x86)\Windows Kits\8.1\Windows Performance Toolkit\;C:\Program Files\Microsoft SQL Server\110\Tools\Binn\;C:\Program Files (x86)\Microsoft SDKs\TypeScript\1.0\;C:\Program Files\Microsoft SQL Server\120\Tools\Binn\;C:\Program Files\Microsoft\Web Platform Installer\;C:\Program Files (x86)\MiKTeX\miktex\bin\;C:\Program Files (x86)\Git\cmd;C:\Program Files (x86)\Git\bin;C:\Program Files\Intel\WiFi\bin\;C:\Program Files\Common Files\Intel\WirelessCommon\;C:\Program Files (x86)\QuickTime\QTSystem\;C:\Program Files (x86)\Skype\Phone\;.
java.runtime.name=Java(TM) SE Runtime Environment
java.runtime.version=1.8.0_60-b27
java.specification.name=Java Platform API Specification
java.specification.vendor=Oracle Corporation
java.specification.version=1.8
java.vendor=Oracle Corporation
java.vendor.url=http://java.oracle.com/
java.vendor.url.bug=http://bugreport.sun.com/bugreport/
java.version=1.8.0_60
java.vm.info=mixed mode
java.vm.name=Java HotSpot(TM) Client VM
java.vm.specification.name=Java Virtual Machine Specification
java.vm.specification.vendor=Oracle Corporation
java.vm.specification.version=1.8
java.vm.vendor=Oracle Corporation
java.vm.version=25.60-b23
line.separator=

org.netbeans.modules.compapp.catd.context=
os.arch=x86
os.name=Windows 8.1
os.version=6.3
path.separator=;
sun.arch.data.model=32
sun.boot.class.path=C:\Program Files (x86)\Java\jdk1.8.0_60\jre\lib\resources.jar;C:\Program Files (x86)\Java\jdk1.8.0_60\jre\lib\rt.jar;C:\Program Files (x86)\Java\jdk1.8.0_60\jre\lib\sunrsasign.jar;C:\Program Files (x86)\Java\jdk1.8.0_60\jre\lib\jsse.jar;C:\Program Files (x86)\Java\jdk1.8.0_60\jre\lib\jce.jar;C:\Program Files (x86)\Java\jdk1.8.0_60\jre\lib\charsets.jar;C:\Program Files (x86)\Java\jdk1.8.0_60\jre\lib\jfr.jar;C:\Program Files (x86)\Java\jdk1.8.0_60\jre\classes
sun.boot.library.path=C:\Program Files (x86)\Java\jdk1.8.0_60\jre\bin
sun.cpu.endian=little
sun.cpu.isalist=pentium_pro+mmx pentium_pro pentium+mmx pentium i486 i386 i86
sun.desktop=windows
sun.io.unicode.encoding=UnicodeLittle
sun.java.command=org.apache.tools.ant.taskdefs.optional.junit.JUnitTestRunner org.netbeans.modules.compapp.catd.ConfiguredTest skipNonTests=false filtertrace=true haltOnError=false haltOnFailure=false showoutput=true outputtoformatters=true logfailedtests=true threadid=0 logtestlistenerevents=true formatter=org.apache.tools.ant.taskdefs.optional.junit.BriefJUnitResultFormatter formatter=org.apache.tools.ant.taskdefs.optional.junit.XMLJUnitResultFormatter,C:\Users\Martin\Documents\DTU\WebServices\Exercises\HelloWorldAPP\test\results\TEST-org.netbeans.modules.compapp.catd.ConfiguredTest.xml crashfile=C:\Users\Martin\AppData\Local\Temp\junitvmwatcher6081647382573498785.properties propsfile=C:\Users\Martin\AppData\Local\Temp\junit2284128919051416343.properties
sun.java.launcher=SUN_STANDARD
sun.jnu.encoding=Cp1252
sun.management.compiler=HotSpot Client Compiler
sun.os.patch.level=
user.country=DK
user.dir=C:\Users\Martin\Documents\DTU\WebServices\Exercises\HelloWorldAPP
user.home=C:\Users\Martin
user.language=da
user.name=Martin
user.script=
user.timezone=Europe/Paris
user.variant=
Test HelloTest\Concurrent.properties Passed. Threads count Success: <1> Error: <0> Not completed: <0>
]]></system-out>
  <system-err><![CDATA[]]></system-err>
</testsuite>
